0 info it worked if it ends with ok
1 verbose cli [ 'C:\\Program Files\\nodejs\\node.exe',
1 verbose cli   'C:\\Program Files\\nodejs\\node_modules\\npm\\bin\\npm-cli.js',
1 verbose cli   'install',
1 verbose cli   '--save',
1 verbose cli   'express' ]
2 info using npm@3.10.10
3 info using node@v6.9.5
4 silly loadCurrentTree Starting
5 silly install loadCurrentTree
6 silly install readLocalPackageData
7 silly fetchPackageMetaData express
8 silly fetchNamedPackageData express
9 silly mapToRegistry name express
10 silly mapToRegistry using default registry
11 silly mapToRegistry registry https://registry.npmjs.org/
12 silly mapToRegistry data Result {
12 silly mapToRegistry   raw: 'express',
12 silly mapToRegistry   scope: null,
12 silly mapToRegistry   escapedName: 'express',
12 silly mapToRegistry   name: 'express',
12 silly mapToRegistry   rawSpec: '',
12 silly mapToRegistry   spec: 'latest',
12 silly mapToRegistry   type: 'tag' }
13 silly mapToRegistry uri https://registry.npmjs.org/express
14 verbose request uri https://registry.npmjs.org/express
15 verbose request no auth needed
16 info attempt registry request try #1 at 1:29:57 PM
17 verbose request id e7c779026898961f
18 http request GET https://registry.npmjs.org/express
19 info retry will retry, error on last attempt: Error: socket hang up
20 info attempt registry request try #2 at 1:30:08 PM
21 http request GET https://registry.npmjs.org/express
22 info retry will retry, error on last attempt: Error: socket hang up
23 info attempt registry request try #3 at 1:31:08 PM
24 http request GET https://registry.npmjs.org/express
25 silly fetchPackageMetaData Error: socket hang up
25 silly fetchPackageMetaData     at TLSSocket.onHangUp (_tls_wrap.js:1111:19)
25 silly fetchPackageMetaData     at TLSSocket.g (events.js:291:16)
25 silly fetchPackageMetaData     at emitNone (events.js:91:20)
25 silly fetchPackageMetaData     at TLSSocket.emit (events.js:185:7)
25 silly fetchPackageMetaData     at endReadableNT (_stream_readable.js:974:12)
25 silly fetchPackageMetaData     at _combinedTickCallback (internal/process/next_tick.js:74:11)
25 silly fetchPackageMetaData     at process._tickCallback (internal/process/next_tick.js:98:9)
25 silly fetchPackageMetaData  error for express { Error: socket hang up
25 silly fetchPackageMetaData     at TLSSocket.onHangUp (_tls_wrap.js:1111:19)
25 silly fetchPackageMetaData     at TLSSocket.g (events.js:291:16)
25 silly fetchPackageMetaData     at emitNone (events.js:91:20)
25 silly fetchPackageMetaData     at TLSSocket.emit (events.js:185:7)
25 silly fetchPackageMetaData     at endReadableNT (_stream_readable.js:974:12)
25 silly fetchPackageMetaData     at _combinedTickCallback (internal/process/next_tick.js:74:11)
25 silly fetchPackageMetaData     at process._tickCallback (internal/process/next_tick.js:98:9) code: 'ECONNRESET' }
26 silly rollbackFailedOptional Starting
27 silly rollbackFailedOptional Finishing
28 silly runTopLevelLifecycles Finishing
29 silly install printInstalled
30 verbose stack Error: socket hang up
30 verbose stack     at TLSSocket.onHangUp (_tls_wrap.js:1111:19)
30 verbose stack     at TLSSocket.g (events.js:291:16)
30 verbose stack     at emitNone (events.js:91:20)
30 verbose stack     at TLSSocket.emit (events.js:185:7)
30 verbose stack     at endReadableNT (_stream_readable.js:974:12)
30 verbose stack     at _combinedTickCallback (internal/process/next_tick.js:74:11)
30 verbose stack     at process._tickCallback (internal/process/next_tick.js:98:9)
31 verbose cwd C:\Users\qga801\Documents\workspace\learningGIT
32 error Windows_NT 6.1.7601
33 error argv "C:\\Program Files\\nodejs\\node.exe" "C:\\Program Files\\nodejs\\node_modules\\npm\\bin\\npm-cli.js" "install" "--save" "express"
34 error node v6.9.5
35 error npm  v3.10.10
36 error code ECONNRESET
37 error network socket hang up
38 error network This is most likely not a problem with npm itself
38 error network and is related to network connectivity.
38 error network In most cases you are behind a proxy or have bad network settings.
38 error network
38 error network If you are behind a proxy, please make sure that the
38 error network 'proxy' config is set properly.  See: 'npm help config'
39 verbose exit [ 1, true ]
